<?xml version="1.0" encoding="UTF-8"?>
<testsuites>
  <testsuite name="fastlane.lanes">
    
    
    
      
      <testcase classname="fastlane.lanes" name="0: default_platform" time="0.000413">
        
      </testcase>
    
      
      <testcase classname="fastlane.lanes" name="1: bundleRelease" time="8.877684">
        
          <failure message="/Users/cwai/.rbenv/versions/2.6.8/lib/ruby/gems/2.6.0/gems/fastlane-2.197.0/fastlane/lib/fastlane/actions/actions_helper.rb:67:in `execute_action'&#10;/Users/cwai/.rbenv/versions/2.6.8/lib/ruby/gems/2.6.0/gems/fastlane-2.197.0/fastlane/lib/fastlane/runner.rb:255:in `block in execute_action'&#10;/Users/cwai/.rbenv/versions/2.6.8/lib/ruby/gems/2.6.0/gems/fastlane-2.197.0/fastlane/lib/fastlane/runner.rb:229:in `chdir'&#10;/Users/cwai/.rbenv/versions/2.6.8/lib/ruby/gems/2.6.0/gems/fastlane-2.197.0/fastlane/lib/fastlane/runner.rb:229:in `execute_action'&#10;/Users/cwai/.rbenv/versions/2.6.8/lib/ruby/gems/2.6.0/gems/fastlane-2.197.0/fastlane/lib/fastlane/runner.rb:157:in `trigger_action_by_name'&#10;/Users/cwai/.rbenv/versions/2.6.8/lib/ruby/gems/2.6.0/gems/fastlane-2.197.0/fastlane/lib/fastlane/fast_file.rb:159:in `method_missing'&#10;Fastfile:63:in `block (2 levels) in parsing_binding'&#10;/Users/cwai/.rbenv/versions/2.6.8/lib/ruby/gems/2.6.0/gems/fastlane-2.197.0/fastlane/lib/fastlane/lane.rb:33:in `call'&#10;/Users/cwai/.rbenv/versions/2.6.8/lib/ruby/gems/2.6.0/gems/fastlane-2.197.0/fastlane/lib/fastlane/runner.rb:49:in `block in execute'&#10;/Users/cwai/.rbenv/versions/2.6.8/lib/ruby/gems/2.6.0/gems/fastlane-2.197.0/fastlane/lib/fastlane/runner.rb:45:in `chdir'&#10;/Users/cwai/.rbenv/versions/2.6.8/lib/ruby/gems/2.6.0/gems/fastlane-2.197.0/fastlane/lib/fastlane/runner.rb:45:in `execute'&#10;/Users/cwai/.rbenv/versions/2.6.8/lib/ruby/gems/2.6.0/gems/fastlane-2.197.0/fastlane/lib/fastlane/lane_manager.rb:47:in `cruise_lane'&#10;/Users/cwai/.rbenv/versions/2.6.8/lib/ruby/gems/2.6.0/gems/fastlane-2.197.0/fastlane/lib/fastlane/command_line_handler.rb:36:in `handle'&#10;/Users/cwai/.rbenv/versions/2.6.8/lib/ruby/gems/2.6.0/gems/fastlane-2.197.0/fastlane/lib/fastlane/commands_generator.rb:109:in `block (2 levels) in run'&#10;/Users/cwai/.rbenv/versions/2.6.8/lib/ruby/gems/2.6.0/gems/commander-4.6.0/lib/commander/command.rb:187:in `call'&#10;/Users/cwai/.rbenv/versions/2.6.8/lib/ruby/gems/2.6.0/gems/commander-4.6.0/lib/commander/command.rb:157:in `run'&#10;/Users/cwai/.rbenv/versions/2.6.8/lib/ruby/gems/2.6.0/gems/commander-4.6.0/lib/commander/runner.rb:444:in `run_active_command'&#10;/Users/cwai/.rbenv/versions/2.6.8/lib/ruby/gems/2.6.0/gems/fastlane-2.197.0/fastlane_core/lib/fastlane_core/ui/fastlane_runner.rb:117:in `run!'&#10;/Users/cwai/.rbenv/versions/2.6.8/lib/ruby/gems/2.6.0/gems/commander-4.6.0/lib/commander/delegates.rb:18:in `run!'&#10;/Users/cwai/.rbenv/versions/2.6.8/lib/ruby/gems/2.6.0/gems/fastlane-2.197.0/fastlane/lib/fastlane/commands_generator.rb:353:in `run'&#10;/Users/cwai/.rbenv/versions/2.6.8/lib/ruby/gems/2.6.0/gems/fastlane-2.197.0/fastlane/lib/fastlane/commands_generator.rb:42:in `start'&#10;/Users/cwai/.rbenv/versions/2.6.8/lib/ruby/gems/2.6.0/gems/fastlane-2.197.0/fastlane/lib/fastlane/cli_tools_distributor.rb:122:in `take_off'&#10;/Users/cwai/.rbenv/versions/2.6.8/lib/ruby/gems/2.6.0/gems/fastlane-2.197.0/bin/fastlane:23:in `&lt;top (required)&gt;'&#10;/Users/cwai/.rbenv/versions/2.6.8/bin/fastlane:23:in `load'&#10;/Users/cwai/.rbenv/versions/2.6.8/bin/fastlane:23:in `&lt;main&gt;'&#10;&#10;Exit status of command '/Users/cwai/Desktop/mobile-pline/mobile-pipeline-poc/android/gradlew bundleRelease -p android/' was 1 instead of 0.&#10;Starting a Gradle Daemon (subsequent builds will be faster)&#10;&#10;FAILURE: Build completed with 2 failures.&#10;&#10;1: Task failed with an exception.&#10;-----------&#10;* Where:&#10;Build file '/Users/cwai/Desktop/mobile-pline/mobile-pipeline-poc/android/app/build.gradle' line: 136&#10;&#10;* What went wrong:&#10;A problem occurred evaluating project ':app'.&#10;&gt; /Users/cwai/Desktop/mobile-pline/mobile-pipeline-poc/android/keystore.properties (No such file or directory)&#10;&#10;* Try:&#10;Run with --stacktrace option to get the stack trace. Run with --info or --debug option to get more log output. Run with --scan to get full insights.&#10;==============================================================================&#10;&#10;2: Task failed with an exception.&#10;-----------&#10;* What went wrong:&#10;A problem occurred configuring project ':app'.&#10;&gt; com.android.builder.errors.EvalIssueException: compileSdkVersion is not specified. Please add it to build.gradle&#10;&#10;* Try:&#10;Run with --stacktrace option to get the stack trace. Run with --info or --debug option to get more log output. Run with --scan to get full insights.&#10;==============================================================================&#10;&#10;* Get more help at https://help.gradle.org&#10;&#10;BUILD FAILED in 8s&#10;" />
        
      </testcase>
    
  </testsuite>
</testsuites>
