<?xml version="1.0" encoding="UTF-8"?>
<coverage generated="1634574162074" clover="3.2.0">
  <project timestamp="1634574162074" name="All files">
    <metrics statements="124" coveredstatements="114" conditionals="90" coveredconditionals="65" methods="39" coveredmethods="32" elements="253" coveredelements="211" complexity="0" loc="124" ncloc="124" packages="15" files="24" classes="24"/>
    <package name="mobile-pipeline-poc">
      <metrics statements="2" coveredstatements="2" conditionals="0" coveredconditionals="0" methods="1" coveredmethods="1"/>
      <file name="App.tsx" path="/Users/cwai/Desktop/mobile-pline/mobile-pipeline-poc/App.tsx">
        <metrics statements="2" coveredstatements="2" conditionals="0" coveredconditionals="0" methods="1" coveredmethods="1"/>
        <line num="15" count="1" type="stmt"/>
        <line num="16" count="1" type="stmt"/>
      </file>
    </package>
    <package name="mobile-pipeline-poc.app.components.CountriesAutocomplete">
      <metrics statements="12" coveredstatements="12" conditionals="8" coveredconditionals="8" methods="6" coveredmethods="6"/>
      <file name="ListItem.tsx" path="/Users/cwai/Desktop/mobile-pline/mobile-pipeline-poc/app/components/CountriesAutocomplete/ListItem.tsx">
        <metrics statements="2" coveredstatements="2" conditionals="0" coveredconditionals="0" methods="1" coveredmethods="1"/>
        <line num="15" count="3" type="stmt"/>
        <line num="16" count="30" type="stmt"/>
      </file>
      <file name="index.tsx" path="/Users/cwai/Desktop/mobile-pline/mobile-pipeline-poc/app/components/CountriesAutocomplete/index.tsx">
        <metrics statements="9" coveredstatements="9" conditionals="8" coveredconditionals="8" methods="5" coveredmethods="5"/>
        <line num="24" count="3" type="stmt"/>
        <line num="25" count="750" type="stmt"/>
        <line num="28" count="3" type="stmt"/>
        <line num="29" count="17" type="stmt"/>
        <line num="34" count="17" type="stmt"/>
        <line num="56" count="30" type="stmt"/>
        <line num="58" count="30" type="stmt"/>
        <line num="60" count="4" type="stmt"/>
        <line num="61" count="4" type="stmt"/>
      </file>
      <file name="style.ts" path="/Users/cwai/Desktop/mobile-pline/mobile-pipeline-poc/app/components/CountriesAutocomplete/style.ts">
        <metrics statements="1" coveredstatements="1" conditionals="0" coveredconditionals="0" methods="0" coveredmethods="0"/>
        <line num="5" count="3" type="stmt"/>
      </file>
    </package>
    <package name="mobile-pipeline-poc.app.platform.LocalStorage">
      <metrics statements="7" coveredstatements="6" conditionals="2" coveredconditionals="2" methods="4" coveredmethods="3"/>
      <file name="index.ts" path="/Users/cwai/Desktop/mobile-pline/mobile-pipeline-poc/app/platform/LocalStorage/index.ts">
        <metrics statements="7" coveredstatements="6" conditionals="2" coveredconditionals="2" methods="4" coveredmethods="3"/>
        <line num="5" count="3" type="stmt"/>
        <line num="9" count="3" type="stmt"/>
        <line num="10" count="3" type="stmt"/>
        <line num="11" count="3" type="cond" truecount="2" falsecount="0"/>
        <line num="13" count="3" type="stmt"/>
        <line num="18" count="0" type="stmt"/>
        <line num="22" count="1" type="stmt"/>
      </file>
    </package>
    <package name="mobile-pipeline-poc.app.router">
      <metrics statements="8" coveredstatements="8" conditionals="0" coveredconditionals="0" methods="2" coveredmethods="2"/>
      <file name="index.tsx" path="/Users/cwai/Desktop/mobile-pline/mobile-pipeline-poc/app/router/index.tsx">
        <metrics statements="4" coveredstatements="4" conditionals="0" coveredconditionals="0" methods="2" coveredmethods="2"/>
        <line num="11" count="1" type="stmt"/>
        <line num="13" count="1" type="stmt"/>
        <line num="14" count="1" type="stmt"/>
        <line num="17" count="2" type="stmt"/>
      </file>
      <file name="routeConfigs.ts" path="/Users/cwai/Desktop/mobile-pline/mobile-pipeline-poc/app/router/routeConfigs.ts">
        <metrics statements="1" coveredstatements="1" conditionals="0" coveredconditionals="0" methods="0" coveredmethods="0"/>
        <line num="3" count="1" type="stmt"/>
      </file>
      <file name="routeNames.ts" path="/Users/cwai/Desktop/mobile-pline/mobile-pipeline-poc/app/router/routeNames.ts">
        <metrics statements="2" coveredstatements="2" conditionals="0" coveredconditionals="0" methods="0" coveredmethods="0"/>
        <line num="1" count="1" type="stmt"/>
        <line num="2" count="1" type="stmt"/>
      </file>
      <file name="routes.ts" path="/Users/cwai/Desktop/mobile-pline/mobile-pipeline-poc/app/router/routes.ts">
        <metrics statements="1" coveredstatements="1" conditionals="0" coveredconditionals="0" methods="0" coveredmethods="0"/>
        <line num="7" count="1" type="stmt"/>
      </file>
    </package>
    <package name="mobile-pipeline-poc.app.screens.HomeScreen">
      <metrics statements="5" coveredstatements="4" conditionals="2" coveredconditionals="1" methods="3" coveredmethods="1"/>
      <file name="index.tsx" path="/Users/cwai/Desktop/mobile-pline/mobile-pipeline-poc/app/screens/HomeScreen/index.tsx">
        <metrics statements="4" coveredstatements="3" conditionals="2" coveredconditionals="1" methods="3" coveredmethods="1"/>
        <line num="25" count="1" type="stmt"/>
        <line num="27" count="1" type="stmt"/>
        <line num="28" count="1" type="stmt"/>
        <line num="48" count="0" type="stmt"/>
      </file>
      <file name="style.ts" path="/Users/cwai/Desktop/mobile-pline/mobile-pipeline-poc/app/screens/HomeScreen/style.ts">
        <metrics statements="1" coveredstatements="1" conditionals="0" coveredconditionals="0" methods="0" coveredmethods="0"/>
        <line num="5" count="1" type="stmt"/>
      </file>
    </package>
    <package name="mobile-pipeline-poc.app.screens.SearchScreen">
      <metrics statements="18" coveredstatements="16" conditionals="6" coveredconditionals="5" methods="6" coveredmethods="5"/>
      <file name="index.tsx" path="/Users/cwai/Desktop/mobile-pline/mobile-pipeline-poc/app/screens/SearchScreen/index.tsx">
        <metrics statements="17" coveredstatements="15" conditionals="6" coveredconditionals="5" methods="6" coveredmethods="5"/>
        <line num="19" count="2" type="stmt"/>
        <line num="21" count="2" type="stmt"/>
        <line num="22" count="7" type="stmt"/>
        <line num="24" count="7" type="stmt"/>
        <line num="25" count="3" type="stmt"/>
        <line num="28" count="3" type="cond" truecount="1" falsecount="1"/>
        <line num="29" count="0" type="stmt"/>
        <line num="33" count="7" type="stmt"/>
        <line num="34" count="3" type="stmt"/>
        <line num="37" count="7" type="stmt"/>
        <line num="38" count="4" type="stmt"/>
        <line num="39" count="4" type="cond" truecount="2" falsecount="0"/>
        <line num="40" count="3" type="stmt"/>
        <line num="42" count="1" type="stmt"/>
        <line num="46" count="7" type="stmt"/>
        <line num="53" count="1" type="stmt"/>
        <line num="64" count="0" type="stmt"/>
      </file>
      <file name="style.ts" path="/Users/cwai/Desktop/mobile-pline/mobile-pipeline-poc/app/screens/SearchScreen/style.ts">
        <metrics statements="1" coveredstatements="1" conditionals="0" coveredconditionals="0" methods="0" coveredmethods="0"/>
        <line num="5" count="2" type="stmt"/>
      </file>
    </package>
    <package name="mobile-pipeline-poc.app.theme">
      <metrics statements="0" coveredstatements="0" conditionals="0" coveredconditionals="0" methods="0" coveredmethods="0"/>
      <file name="Colors.ts" path="/Users/cwai/Desktop/mobile-pline/mobile-pipeline-poc/app/theme/Colors.ts">
        <metrics statements="0" coveredstatements="0" conditionals="0" coveredconditionals="0" methods="0" coveredmethods="0"/>
      </file>
    </package>
    <package name="mobile-pipeline-poc.app.theme.Autocomplete">
      <metrics statements="18" coveredstatements="15" conditionals="16" coveredconditionals="12" methods="9" coveredmethods="7"/>
      <file name="index.tsx" path="/Users/cwai/Desktop/mobile-pline/mobile-pipeline-poc/app/theme/Autocomplete/index.tsx">
        <metrics statements="18" coveredstatements="15" conditionals="16" coveredconditionals="12" methods="9" coveredmethods="7"/>
        <line num="32" count="17" type="cond" truecount="1" falsecount="1"/>
        <line num="33" count="4250" type="cond" truecount="4" falsecount="0"/>
        <line num="34" count="3005" type="stmt"/>
        <line num="36" count="4250" type="stmt"/>
        <line num="40" count="3" type="stmt"/>
        <line num="41" count="17" type="stmt"/>
        <line num="45" count="17" type="stmt"/>
        <line num="47" count="17" type="cond" truecount="1" falsecount="1"/>
        <line num="49" count="17" type="cond" truecount="1" falsecount="1"/>
        <line num="50" count="17" type="stmt"/>
        <line num="57" count="17" type="cond" truecount="1" falsecount="1"/>
        <line num="58" count="0" type="stmt"/>
        <line num="64" count="17" type="stmt"/>
        <line num="66" count="5" type="stmt"/>
        <line num="68" count="5" type="stmt"/>
        <line num="69" count="0" type="stmt"/>
        <line num="73" count="4" type="stmt"/>
        <line num="74" count="0" type="stmt"/>
      </file>
    </package>
    <package name="mobile-pipeline-poc.app.theme.Button">
      <metrics statements="8" coveredstatements="8" conditionals="12" coveredconditionals="10" methods="2" coveredmethods="2"/>
      <file name="index.tsx" path="/Users/cwai/Desktop/mobile-pline/mobile-pipeline-poc/app/theme/Button/index.tsx">
        <metrics statements="7" coveredstatements="7" conditionals="12" coveredconditionals="10" methods="2" coveredmethods="2"/>
        <line num="14" count="2" type="stmt"/>
        <line num="19" count="2" type="stmt"/>
        <line num="36" count="2" type="stmt"/>
        <line num="43" count="2" type="cond" truecount="1" falsecount="1"/>
        <line num="45" count="2" type="stmt"/>
        <line num="46" count="2" type="stmt"/>
        <line num="53" count="2" type="stmt"/>
      </file>
      <file name="style.ts" path="/Users/cwai/Desktop/mobile-pline/mobile-pipeline-poc/app/theme/Button/style.ts">
        <metrics statements="1" coveredstatements="1" conditionals="0" coveredconditionals="0" methods="0" coveredmethods="0"/>
        <line num="6" count="2" type="stmt"/>
      </file>
    </package>
    <package name="mobile-pipeline-poc.app.theme.Button.IconButton">
      <metrics statements="7" coveredstatements="6" conditionals="5" coveredconditionals="3" methods="2" coveredmethods="1"/>
      <file name="index.tsx" path="/Users/cwai/Desktop/mobile-pline/mobile-pipeline-poc/app/theme/Button/IconButton/index.tsx">
        <metrics statements="7" coveredstatements="6" conditionals="5" coveredconditionals="3" methods="2" coveredmethods="1"/>
        <line num="13" count="2" type="stmt"/>
        <line num="53" count="2" type="stmt"/>
        <line num="59" count="2" type="stmt"/>
        <line num="73" count="2" type="stmt"/>
        <line num="74" count="3" type="cond" truecount="1" falsecount="0"/>
        <line num="75" count="3" type="stmt"/>
        <line num="77" count="0" type="cond" truecount="1" falsecount="1"/>
      </file>
    </package>
    <package name="mobile-pipeline-poc.app.theme.Dimensions">
      <metrics statements="7" coveredstatements="7" conditionals="2" coveredconditionals="1" methods="0" coveredmethods="0"/>
      <file name="index.ts" path="/Users/cwai/Desktop/mobile-pline/mobile-pipeline-poc/app/theme/Dimensions/index.ts">
        <metrics statements="7" coveredstatements="7" conditionals="2" coveredconditionals="1" methods="0" coveredmethods="0"/>
        <line num="3" count="4" type="stmt"/>
        <line num="4" count="4" type="stmt"/>
        <line num="5" count="4" type="stmt"/>
        <line num="7" count="4" type="stmt"/>
        <line num="9" count="4" type="stmt"/>
        <line num="10" count="4" type="cond" truecount="1" falsecount="1"/>
        <line num="12" count="4" type="stmt"/>
      </file>
    </package>
    <package name="mobile-pipeline-poc.app.theme.Icon">
      <metrics statements="5" coveredstatements="5" conditionals="4" coveredconditionals="3" methods="1" coveredmethods="1"/>
      <file name="index.tsx" path="/Users/cwai/Desktop/mobile-pline/mobile-pipeline-poc/app/theme/Icon/index.tsx">
        <metrics statements="5" coveredstatements="5" conditionals="4" coveredconditionals="3" methods="1" coveredmethods="1"/>
        <line num="19" count="2" type="stmt"/>
        <line num="23" count="2" type="stmt"/>
        <line num="27" count="2" type="stmt"/>
        <line num="32" count="3" type="cond" truecount="1" falsecount="1"/>
        <line num="33" count="3" type="stmt"/>
      </file>
    </package>
    <package name="mobile-pipeline-poc.app.theme.Input">
      <metrics statements="5" coveredstatements="5" conditionals="10" coveredconditionals="5" methods="1" coveredmethods="1"/>
      <file name="index.tsx" path="/Users/cwai/Desktop/mobile-pline/mobile-pipeline-poc/app/theme/Input/index.tsx">
        <metrics statements="2" coveredstatements="2" conditionals="10" coveredconditionals="5" methods="1" coveredmethods="1"/>
        <line num="18" count="3" type="stmt"/>
        <line num="20" count="17" type="stmt"/>
      </file>
      <file name="style.tsx" path="/Users/cwai/Desktop/mobile-pline/mobile-pipeline-poc/app/theme/Input/style.tsx">
        <metrics statements="3" coveredstatements="3" conditionals="0" coveredconditionals="0" methods="0" coveredmethods="0"/>
        <line num="5" count="3" type="stmt"/>
        <line num="6" count="3" type="stmt"/>
        <line num="8" count="3" type="stmt"/>
      </file>
    </package>
    <package name="mobile-pipeline-poc.app.theme.Text">
      <metrics statements="9" coveredstatements="9" conditionals="10" coveredconditionals="7" methods="1" coveredmethods="1"/>
      <file name="index.tsx" path="/Users/cwai/Desktop/mobile-pline/mobile-pipeline-poc/app/theme/Text/index.tsx">
        <metrics statements="9" coveredstatements="9" conditionals="10" coveredconditionals="7" methods="1" coveredmethods="1"/>
        <line num="11" count="4" type="stmt"/>
        <line num="24" count="4" type="stmt"/>
        <line num="29" count="62" type="cond" truecount="1" falsecount="1"/>
        <line num="30" count="62" type="stmt"/>
        <line num="31" count="62" type="cond" truecount="4" falsecount="0"/>
        <line num="32" count="2" type="stmt"/>
        <line num="33" count="60" type="cond" truecount="1" falsecount="1"/>
        <line num="34" count="60" type="stmt"/>
        <line num="36" count="62" type="stmt"/>
      </file>
    </package>
    <package name="mobile-pipeline-poc.app.theme.TouchFeedback">
      <metrics statements="13" coveredstatements="11" conditionals="13" coveredconditionals="8" methods="1" coveredmethods="1"/>
      <file name="index.tsx" path="/Users/cwai/Desktop/mobile-pline/mobile-pipeline-poc/app/theme/TouchFeedback/index.tsx">
        <metrics statements="13" coveredstatements="11" conditionals="13" coveredconditionals="8" methods="1" coveredmethods="1"/>
        <line num="11" count="4" type="stmt"/>
        <line num="12" count="4" type="stmt"/>
        <line num="15" count="4" type="cond" truecount="1" falsecount="1"/>
        <line num="24" count="4" type="stmt"/>
        <line num="29" count="38" type="cond" truecount="1" falsecount="1"/>
        <line num="30" count="38" type="stmt"/>
        <line num="31" count="38" type="cond" truecount="2" falsecount="0"/>
        <line num="32" count="2" type="cond" truecount="1" falsecount="1"/>
        <line num="33" count="2" type="cond" truecount="1" falsecount="1"/>
        <line num="34" count="0" type="stmt"/>
        <line num="37" count="38" type="cond" truecount="1" falsecount="1"/>
        <line num="38" count="0" type="stmt"/>
        <line num="44" count="38" type="stmt"/>
      </file>
    </package>
  </project>
</coverage>
