{"/Users/cwai/Desktop/mobile-pline/mobile-pipeline-poc/App.tsx": {"path":"/Users/cwai/Desktop/mobile-pline/mobile-pipeline-poc/App.tsx","statementMap":{"0":{"start":{"line":15,"column":22},"end":{"line":22,"column":1}},"1":{"start":{"line":16,"column":2},"end":{"line":21,"column":4}}},"fnMap":{"0":{"name":"(anonymous_0)","decl":{"start":{"line":15,"column":22},"end":{"line":15,"column":23}},"loc":{"start":{"line":15,"column":28},"end":{"line":22,"column":1}},"line":15}},"branchMap":{},"s":{"0":1,"1":1},"f":{"0":1},"b":{},"_coverageSchema":"1a1c01bbd47fc00a2c39e90264f33305004495a9","hash":"3a17a7f9af84420c22dda06f25486b93f9514eb2"}
,"/Users/cwai/Desktop/mobile-pline/mobile-pipeline-poc/app/components/CountriesAutocomplete/ListItem.tsx": {"path":"/Users/cwai/Desktop/mobile-pline/mobile-pipeline-poc/app/components/CountriesAutocomplete/ListItem.tsx","statementMap":{"0":{"start":{"line":15,"column":42},"end":{"line":25,"column":1}},"1":{"start":{"line":16,"column":2},"end":{"line":24,"column":18}}},"fnMap":{"0":{"name":"(anonymous_0)","decl":{"start":{"line":15,"column":42},"end":{"line":15,"column":43}},"loc":{"start":{"line":16,"column":2},"end":{"line":24,"column":18}},"line":16}},"branchMap":{},"s":{"0":3,"1":30},"f":{"0":30},"b":{},"_coverageSchema":"1a1c01bbd47fc00a2c39e90264f33305004495a9","hash":"d5b5e8fbae0edda4dacbd6755f461fb6644018eb"}
,"/Users/cwai/Desktop/mobile-pline/mobile-pipeline-poc/app/components/CountriesAutocomplete/index.tsx": {"path":"/Users/cwai/Desktop/mobile-pline/mobile-pipeline-poc/app/components/CountriesAutocomplete/index.tsx","statementMap":{"0":{"start":{"line":24,"column":33},"end":{"line":26,"column":1}},"1":{"start":{"line":25,"column":9},"end":{"line":25,"column":23}},"2":{"start":{"line":28,"column":69},"end":{"line":76,"column":1}},"3":{"start":{"line":29,"column":23},"end":{"line":32,"column":4}},"4":{"start":{"line":34,"column":2},"end":{"line":75,"column":4}},"5":{"start":{"line":56,"column":36},"end":{"line":56,"column":40}},"6":{"start":{"line":58,"column":12},"end":{"line":65,"column":14}},"7":{"start":{"line":60,"column":16},"end":{"line":60,"column":37}},"8":{"start":{"line":61,"column":16},"end":{"line":61,"column":37}}},"fnMap":{"0":{"name":"(anonymous_0)","decl":{"start":{"line":25,"column":2},"end":{"line":25,"column":3}},"loc":{"start":{"line":25,"column":9},"end":{"line":25,"column":23}},"line":25},"1":{"name":"(anonymous_1)","decl":{"start":{"line":28,"column":69},"end":{"line":28,"column":70}},"loc":{"start":{"line":28,"column":78},"end":{"line":76,"column":1}},"line":28},"2":{"name":"(anonymous_2)","decl":{"start":{"line":56,"column":24},"end":{"line":56,"column":25}},"loc":{"start":{"line":56,"column":36},"end":{"line":56,"column":40}},"line":56},"3":{"name":"(anonymous_3)","decl":{"start":{"line":57,"column":22},"end":{"line":57,"column":23}},"loc":{"start":{"line":58,"column":12},"end":{"line":65,"column":14}},"line":58},"4":{"name":"(anonymous_4)","decl":{"start":{"line":59,"column":23},"end":{"line":59,"column":24}},"loc":{"start":{"line":59,"column":29},"end":{"line":62,"column":15}},"line":59}},"branchMap":{"0":{"loc":{"start":{"line":38,"column":16},"end":{"line":38,"column":55}},"type":"binary-expr","locations":[{"start":{"line":38,"column":16},"end":{"line":38,"column":28}},{"start":{"line":38,"column":32},"end":{"line":38,"column":55}}],"line":38},"1":{"loc":{"start":{"line":48,"column":7},"end":{"line":73,"column":14}},"type":"cond-expr","locations":[{"start":{"line":49,"column":8},"end":{"line":72,"column":10}},{"start":{"line":73,"column":10},"end":{"line":73,"column":14}}],"line":48},"2":{"loc":{"start":{"line":48,"column":7},"end":{"line":48,"column":46}},"type":"binary-expr","locations":[{"start":{"line":48,"column":7},"end":{"line":48,"column":25}},{"start":{"line":48,"column":29},"end":{"line":48,"column":46}}],"line":48},"3":{"loc":{"start":{"line":68,"column":12},"end":{"line":70,"column":20}},"type":"cond-expr","locations":[{"start":{"line":69,"column":14},"end":{"line":69,"column":62}},{"start":{"line":70,"column":16},"end":{"line":70,"column":20}}],"line":68}},"s":{"0":3,"1":750,"2":3,"3":17,"4":17,"5":30,"6":30,"7":4,"8":4},"f":{"0":750,"1":17,"2":30,"3":30,"4":4},"b":{"0":[17,17],"1":[10,7],"2":[17,10],"3":[5,5]},"_coverageSchema":"1a1c01bbd47fc00a2c39e90264f33305004495a9","hash":"180275f296484c364fd7fe2674558cbfc5cdeefb"}
,"/Users/cwai/Desktop/mobile-pline/mobile-pipeline-poc/app/components/CountriesAutocomplete/style.ts": {"path":"/Users/cwai/Desktop/mobile-pline/mobile-pipeline-poc/app/components/CountriesAutocomplete/style.ts","statementMap":{"0":{"start":{"line":5,"column":14},"end":{"line":59,"column":2}}},"fnMap":{},"branchMap":{},"s":{"0":3},"f":{},"b":{},"_coverageSchema":"1a1c01bbd47fc00a2c39e90264f33305004495a9","hash":"c9d7a005ff6bc753c3fa31149c732f23d2580f2f"}
,"/Users/cwai/Desktop/mobile-pline/mobile-pipeline-poc/app/platform/LocalStorage/index.ts": {"path":"/Users/cwai/Desktop/mobile-pline/mobile-pipeline-poc/app/platform/LocalStorage/index.ts","statementMap":{"0":{"start":{"line":5,"column":4},"end":{"line":5,"column":59}},"1":{"start":{"line":9,"column":17},"end":{"line":9,"column":48}},"2":{"start":{"line":10,"column":4},"end":{"line":14,"column":5}},"3":{"start":{"line":11,"column":6},"end":{"line":11,"column":36}},"4":{"start":{"line":13,"column":6},"end":{"line":13,"column":18}},"5":{"start":{"line":18,"column":4},"end":{"line":18,"column":54}},"6":{"start":{"line":22,"column":4},"end":{"line":22,"column":33}}},"fnMap":{"0":{"name":"(anonymous_0)","decl":{"start":{"line":4,"column":2},"end":{"line":4,"column":3}},"loc":{"start":{"line":4,"column":38},"end":{"line":6,"column":3}},"line":4},"1":{"name":"(anonymous_1)","decl":{"start":{"line":8,"column":2},"end":{"line":8,"column":3}},"loc":{"start":{"line":8,"column":29},"end":{"line":15,"column":3}},"line":8},"2":{"name":"(anonymous_2)","decl":{"start":{"line":17,"column":2},"end":{"line":17,"column":3}},"loc":{"start":{"line":17,"column":23},"end":{"line":19,"column":3}},"line":17},"3":{"name":"(anonymous_3)","decl":{"start":{"line":21,"column":2},"end":{"line":21,"column":3}},"loc":{"start":{"line":21,"column":18},"end":{"line":23,"column":3}},"line":21}},"branchMap":{"0":{"loc":{"start":{"line":11,"column":24},"end":{"line":11,"column":34}},"type":"binary-expr","locations":[{"start":{"line":11,"column":24},"end":{"line":11,"column":28}},{"start":{"line":11,"column":32},"end":{"line":11,"column":34}}],"line":11}},"s":{"0":3,"1":3,"2":3,"3":3,"4":3,"5":0,"6":1},"f":{"0":3,"1":3,"2":0,"3":1},"b":{"0":[3,3]},"_coverageSchema":"1a1c01bbd47fc00a2c39e90264f33305004495a9","hash":"e4dbad4939df6df9b9d8cc5f0af6ec2caed3074d"}
,"/Users/cwai/Desktop/mobile-pline/mobile-pipeline-poc/app/router/index.tsx": {"path":"/Users/cwai/Desktop/mobile-pline/mobile-pipeline-poc/app/router/index.tsx","statementMap":{"0":{"start":{"line":11,"column":14},"end":{"line":11,"column":36}},"1":{"start":{"line":13,"column":25},"end":{"line":23,"column":1}},"2":{"start":{"line":14,"column":2},"end":{"line":22,"column":24}},"3":{"start":{"line":17,"column":8},"end":{"line":19,"column":25}}},"fnMap":{"0":{"name":"(anonymous_0)","decl":{"start":{"line":13,"column":25},"end":{"line":13,"column":26}},"loc":{"start":{"line":14,"column":2},"end":{"line":22,"column":24}},"line":14},"1":{"name":"(anonymous_1)","decl":{"start":{"line":16,"column":31},"end":{"line":16,"column":32}},"loc":{"start":{"line":17,"column":8},"end":{"line":19,"column":25}},"line":17}},"branchMap":{},"s":{"0":1,"1":1,"2":1,"3":2},"f":{"0":1,"1":2},"b":{},"_coverageSchema":"1a1c01bbd47fc00a2c39e90264f33305004495a9","hash":"b1533fb963b906a791faf415944e64ed5909263d"}
,"/Users/cwai/Desktop/mobile-pline/mobile-pipeline-poc/app/router/routeConfigs.ts": {"path":"/Users/cwai/Desktop/mobile-pline/mobile-pipeline-poc/app/router/routeConfigs.ts","statementMap":{"0":{"start":{"line":3,"column":21},"end":{"line":11,"column":1}}},"fnMap":{},"branchMap":{},"s":{"0":1},"f":{},"b":{},"_coverageSchema":"1a1c01bbd47fc00a2c39e90264f33305004495a9","hash":"8c74a0d62de123793893971902400da563a65013"}
,"/Users/cwai/Desktop/mobile-pline/mobile-pipeline-poc/app/router/routeNames.ts": {"path":"/Users/cwai/Desktop/mobile-pline/mobile-pipeline-poc/app/router/routeNames.ts","statementMap":{"0":{"start":{"line":1,"column":20},"end":{"line":1,"column":26}},"1":{"start":{"line":2,"column":22},"end":{"line":2,"column":30}}},"fnMap":{},"branchMap":{},"s":{"0":1,"1":1},"f":{},"b":{},"_coverageSchema":"1a1c01bbd47fc00a2c39e90264f33305004495a9","hash":"3b832c4707e92fdf9823cf087f2d7c519b5dd186"}
,"/Users/cwai/Desktop/mobile-pline/mobile-pipeline-poc/app/router/routes.ts": {"path":"/Users/cwai/Desktop/mobile-pline/mobile-pipeline-poc/app/router/routes.ts","statementMap":{"0":{"start":{"line":7,"column":15},"end":{"line":16,"column":1}}},"fnMap":{},"branchMap":{},"s":{"0":1},"f":{},"b":{},"_coverageSchema":"1a1c01bbd47fc00a2c39e90264f33305004495a9","hash":"1380f51390001387f40b2b5a8df86d21307c810d"}
,"/Users/cwai/Desktop/mobile-pline/mobile-pipeline-poc/app/screens/HomeScreen/index.tsx": {"path":"/Users/cwai/Desktop/mobile-pline/mobile-pipeline-poc/app/screens/HomeScreen/index.tsx","statementMap":{"0":{"start":{"line":25,"column":36},"end":{"line":25,"column":51}},"1":{"start":{"line":27,"column":23},"end":{"line":27,"column":53}},"2":{"start":{"line":27,"column":29},"end":{"line":27,"column":53}},"3":{"start":{"line":28,"column":2},"end":{"line":86,"column":4}},"4":{"start":{"line":48,"column":14},"end":{"line":48,"column":52}}},"fnMap":{"0":{"name":"HomeScreen","decl":{"start":{"line":24,"column":9},"end":{"line":24,"column":19}},"loc":{"start":{"line":24,"column":62},"end":{"line":87,"column":1}},"line":24},"1":{"name":"(anonymous_1)","decl":{"start":{"line":27,"column":23},"end":{"line":27,"column":24}},"loc":{"start":{"line":27,"column":29},"end":{"line":27,"column":53}},"line":27},"2":{"name":"(anonymous_2)","decl":{"start":{"line":47,"column":21},"end":{"line":47,"column":22}},"loc":{"start":{"line":47,"column":27},"end":{"line":49,"column":13}},"line":47}},"branchMap":{"0":{"loc":{"start":{"line":34,"column":7},"end":{"line":38,"column":7}},"type":"cond-expr","locations":[{"start":{"line":34,"column":39},"end":{"line":34,"column":43}},{"start":{"line":35,"column":8},"end":{"line":37,"column":15}}],"line":34}},"s":{"0":1,"1":1,"2":0,"3":1,"4":0},"f":{"0":1,"1":0,"2":0},"b":{"0":[1,0]},"_coverageSchema":"1a1c01bbd47fc00a2c39e90264f33305004495a9","hash":"1c6a6443684f0d1fd89a8a965c9e35f7cea959e4"}
,"/Users/cwai/Desktop/mobile-pline/mobile-pipeline-poc/app/screens/HomeScreen/style.ts": {"path":"/Users/cwai/Desktop/mobile-pline/mobile-pipeline-poc/app/screens/HomeScreen/style.ts","statementMap":{"0":{"start":{"line":5,"column":14},"end":{"line":51,"column":2}}},"fnMap":{},"branchMap":{},"s":{"0":1},"f":{},"b":{},"_coverageSchema":"1a1c01bbd47fc00a2c39e90264f33305004495a9","hash":"88a0b6b331101e8c6c5681fb529f6f337590190e"}
,"/Users/cwai/Desktop/mobile-pline/mobile-pipeline-poc/app/screens/SearchScreen/index.tsx": {"path":"/Users/cwai/Desktop/mobile-pline/mobile-pipeline-poc/app/screens/SearchScreen/index.tsx","statementMap":{"0":{"start":{"line":19,"column":41},"end":{"line":19,"column":50}},"1":{"start":{"line":21,"column":50},"end":{"line":73,"column":1}},"2":{"start":{"line":22,"column":42},"end":{"line":22,"column":61}},"3":{"start":{"line":24,"column":31},"end":{"line":31,"column":8}},"4":{"start":{"line":25,"column":33},"end":{"line":27,"column":5}},"5":{"start":{"line":28,"column":4},"end":{"line":30,"column":5}},"6":{"start":{"line":29,"column":6},"end":{"line":29,"column":44}},"7":{"start":{"line":33,"column":2},"end":{"line":35,"column":29}},"8":{"start":{"line":34,"column":4},"end":{"line":34,"column":27}},"9":{"start":{"line":37,"column":19},"end":{"line":44,"column":8}},"10":{"start":{"line":38,"column":4},"end":{"line":38,"column":26}},"11":{"start":{"line":39,"column":4},"end":{"line":43,"column":5}},"12":{"start":{"line":40,"column":6},"end":{"line":40,"column":60}},"13":{"start":{"line":42,"column":6},"end":{"line":42,"column":57}},"14":{"start":{"line":46,"column":2},"end":{"line":72,"column":4}},"15":{"start":{"line":53,"column":25},"end":{"line":53,"column":44}},"16":{"start":{"line":64,"column":29},"end":{"line":64,"column":48}}},"fnMap":{"0":{"name":"(anonymous_0)","decl":{"start":{"line":21,"column":50},"end":{"line":21,"column":51}},"loc":{"start":{"line":21,"column":56},"end":{"line":73,"column":1}},"line":21},"1":{"name":"(anonymous_1)","decl":{"start":{"line":24,"column":43},"end":{"line":24,"column":44}},"loc":{"start":{"line":24,"column":55},"end":{"line":31,"column":3}},"line":24},"2":{"name":"(anonymous_2)","decl":{"start":{"line":33,"column":12},"end":{"line":33,"column":13}},"loc":{"start":{"line":33,"column":18},"end":{"line":35,"column":3}},"line":33},"3":{"name":"(anonymous_3)","decl":{"start":{"line":37,"column":31},"end":{"line":37,"column":32}},"loc":{"start":{"line":37,"column":62},"end":{"line":44,"column":3}},"line":37},"4":{"name":"(anonymous_4)","decl":{"start":{"line":53,"column":19},"end":{"line":53,"column":20}},"loc":{"start":{"line":53,"column":25},"end":{"line":53,"column":44}},"line":53},"5":{"name":"(anonymous_5)","decl":{"start":{"line":64,"column":23},"end":{"line":64,"column":24}},"loc":{"start":{"line":64,"column":29},"end":{"line":64,"column":48}},"line":64}},"branchMap":{"0":{"loc":{"start":{"line":28,"column":4},"end":{"line":30,"column":5}},"type":"if","locations":[{"start":{"line":28,"column":4},"end":{"line":30,"column":5}},{"start":{"line":28,"column":4},"end":{"line":30,"column":5}}],"line":28},"1":{"loc":{"start":{"line":39,"column":4},"end":{"line":43,"column":5}},"type":"if","locations":[{"start":{"line":39,"column":4},"end":{"line":43,"column":5}},{"start":{"line":39,"column":4},"end":{"line":43,"column":5}}],"line":39},"2":{"loc":{"start":{"line":49,"column":7},"end":{"line":70,"column":7}},"type":"cond-expr","locations":[{"start":{"line":50,"column":8},"end":{"line":67,"column":24}},{"start":{"line":69,"column":8},"end":{"line":69,"column":53}}],"line":49}},"s":{"0":2,"1":2,"2":7,"3":7,"4":3,"5":3,"6":0,"7":7,"8":3,"9":7,"10":4,"11":4,"12":3,"13":1,"14":7,"15":1,"16":0},"f":{"0":7,"1":3,"2":3,"3":4,"4":1,"5":0},"b":{"0":[0,3],"1":[3,1],"2":[3,4]},"_coverageSchema":"1a1c01bbd47fc00a2c39e90264f33305004495a9","hash":"e18648c4062de39be79dbe26aedcd8ee3ed961bb"}
,"/Users/cwai/Desktop/mobile-pline/mobile-pipeline-poc/app/screens/SearchScreen/style.ts": {"path":"/Users/cwai/Desktop/mobile-pline/mobile-pipeline-poc/app/screens/SearchScreen/style.ts","statementMap":{"0":{"start":{"line":5,"column":14},"end":{"line":35,"column":2}}},"fnMap":{},"branchMap":{},"s":{"0":2},"f":{},"b":{},"_coverageSchema":"1a1c01bbd47fc00a2c39e90264f33305004495a9","hash":"ba9f1919ee6c6e91e5a0d950a1133986f36e7ac5"}
,"/Users/cwai/Desktop/mobile-pline/mobile-pipeline-poc/app/theme/Colors.ts": {"path":"/Users/cwai/Desktop/mobile-pline/mobile-pipeline-poc/app/theme/Colors.ts","statementMap":{},"fnMap":{},"branchMap":{},"s":{},"f":{},"b":{},"_coverageSchema":"1a1c01bbd47fc00a2c39e90264f33305004495a9","hash":"dc5d481574720b651688f23f907204e080188927"}
,"/Users/cwai/Desktop/mobile-pline/mobile-pipeline-poc/app/theme/Autocomplete/index.tsx": {"path":"/Users/cwai/Desktop/mobile-pline/mobile-pipeline-poc/app/theme/Autocomplete/index.tsx","statementMap":{"0":{"start":{"line":32,"column":2},"end":{"line":37,"column":9}},"1":{"start":{"line":33,"column":4},"end":{"line":35,"column":5}},"2":{"start":{"line":34,"column":6},"end":{"line":34,"column":22}},"3":{"start":{"line":36,"column":4},"end":{"line":36,"column":16}},"4":{"start":{"line":40,"column":24},"end":{"line":77,"column":1}},"5":{"start":{"line":41,"column":23},"end":{"line":44,"column":4}},"6":{"start":{"line":45,"column":19},"end":{"line":45,"column":45}},"7":{"start":{"line":45,"column":24},"end":{"line":45,"column":45}},"8":{"start":{"line":47,"column":13},"end":{"line":47,"column":29}},"9":{"start":{"line":49,"column":2},"end":{"line":55,"column":3}},"10":{"start":{"line":50,"column":4},"end":{"line":54,"column":7}},"11":{"start":{"line":57,"column":2},"end":{"line":62,"column":3}},"12":{"start":{"line":58,"column":4},"end":{"line":61,"column":7}},"13":{"start":{"line":64,"column":2},"end":{"line":76,"column":4}},"14":{"start":{"line":66,"column":27},"end":{"line":66,"column":49}},"15":{"start":{"line":68,"column":21},"end":{"line":68,"column":44}},"16":{"start":{"line":69,"column":20},"end":{"line":69,"column":44}},"17":{"start":{"line":73,"column":17},"end":{"line":73,"column":52}},"18":{"start":{"line":74,"column":16},"end":{"line":74,"column":40}}},"fnMap":{"0":{"name":"filterByKey","decl":{"start":{"line":31,"column":9},"end":{"line":31,"column":20}},"loc":{"start":{"line":31,"column":41},"end":{"line":38,"column":1}},"line":31},"1":{"name":"(anonymous_1)","decl":{"start":{"line":32,"column":29},"end":{"line":32,"column":30}},"loc":{"start":{"line":32,"column":45},"end":{"line":37,"column":3}},"line":32},"2":{"name":"(anonymous_2)","decl":{"start":{"line":40,"column":24},"end":{"line":40,"column":25}},"loc":{"start":{"line":40,"column":75},"end":{"line":77,"column":1}},"line":40},"3":{"name":"(anonymous_3)","decl":{"start":{"line":45,"column":19},"end":{"line":45,"column":20}},"loc":{"start":{"line":45,"column":24},"end":{"line":45,"column":45}},"line":45},"4":{"name":"(anonymous_4)","decl":{"start":{"line":66,"column":20},"end":{"line":66,"column":21}},"loc":{"start":{"line":66,"column":27},"end":{"line":66,"column":49}},"line":66},"5":{"name":"(anonymous_5)","decl":{"start":{"line":68,"column":15},"end":{"line":68,"column":16}},"loc":{"start":{"line":68,"column":21},"end":{"line":68,"column":44}},"line":68},"6":{"name":"(anonymous_6)","decl":{"start":{"line":69,"column":14},"end":{"line":69,"column":15}},"loc":{"start":{"line":69,"column":20},"end":{"line":69,"column":44}},"line":69},"7":{"name":"(anonymous_7)","decl":{"start":{"line":73,"column":11},"end":{"line":73,"column":12}},"loc":{"start":{"line":73,"column":17},"end":{"line":73,"column":52}},"line":73},"8":{"name":"(anonymous_8)","decl":{"start":{"line":74,"column":10},"end":{"line":74,"column":11}},"loc":{"start":{"line":74,"column":16},"end":{"line":74,"column":40}},"line":74}},"branchMap":{"0":{"loc":{"start":{"line":32,"column":10},"end":{"line":32,"column":20}},"type":"binary-expr","locations":[{"start":{"line":32,"column":10},"end":{"line":32,"column":14}},{"start":{"line":32,"column":18},"end":{"line":32,"column":20}}],"line":32},"1":{"loc":{"start":{"line":33,"column":4},"end":{"line":35,"column":5}},"type":"if","locations":[{"start":{"line":33,"column":4},"end":{"line":35,"column":5}},{"start":{"line":33,"column":4},"end":{"line":35,"column":5}}],"line":33},"2":{"loc":{"start":{"line":33,"column":8},"end":{"line":33,"column":74}},"type":"binary-expr","locations":[{"start":{"line":33,"column":8},"end":{"line":33,"column":17}},{"start":{"line":33,"column":21},"end":{"line":33,"column":74}}],"line":33},"3":{"loc":{"start":{"line":42,"column":11},"end":{"line":42,"column":42}},"type":"binary-expr","locations":[{"start":{"line":42,"column":11},"end":{"line":42,"column":36}},{"start":{"line":42,"column":40},"end":{"line":42,"column":42}}],"line":42},"4":{"loc":{"start":{"line":43,"column":11},"end":{"line":43,"column":45}},"type":"binary-expr","locations":[{"start":{"line":43,"column":11},"end":{"line":43,"column":36}},{"start":{"line":43,"column":40},"end":{"line":43,"column":45}}],"line":43},"5":{"loc":{"start":{"line":47,"column":13},"end":{"line":47,"column":29}},"type":"binary-expr","locations":[{"start":{"line":47,"column":13},"end":{"line":47,"column":23}},{"start":{"line":47,"column":27},"end":{"line":47,"column":29}}],"line":47},"6":{"loc":{"start":{"line":49,"column":2},"end":{"line":55,"column":3}},"type":"if","locations":[{"start":{"line":49,"column":2},"end":{"line":55,"column":3}},{"start":{"line":49,"column":2},"end":{"line":55,"column":3}}],"line":49},"7":{"loc":{"start":{"line":57,"column":2},"end":{"line":62,"column":3}},"type":"if","locations":[{"start":{"line":57,"column":2},"end":{"line":62,"column":3}},{"start":{"line":57,"column":2},"end":{"line":62,"column":3}}],"line":57}},"s":{"0":17,"1":4250,"2":3005,"3":4250,"4":3,"5":17,"6":17,"7":14,"8":17,"9":17,"10":17,"11":17,"12":0,"13":17,"14":5,"15":5,"16":0,"17":4,"18":0},"f":{"0":17,"1":4250,"2":17,"3":14,"4":5,"5":5,"6":0,"7":4,"8":0},"b":{"0":[17,0],"1":[3005,1245],"2":[4250,4250],"3":[17,17],"4":[17,17],"5":[17,0],"6":[17,0],"7":[0,17]},"_coverageSchema":"1a1c01bbd47fc00a2c39e90264f33305004495a9","hash":"1ae5433a3691d61fccecf4c19eaa3a3ac843e307"}
,"/Users/cwai/Desktop/mobile-pline/mobile-pipeline-poc/app/theme/Button/index.tsx": {"path":"/Users/cwai/Desktop/mobile-pline/mobile-pipeline-poc/app/theme/Button/index.tsx","statementMap":{"0":{"start":{"line":14,"column":23},"end":{"line":18,"column":1}},"1":{"start":{"line":19,"column":23},"end":{"line":23,"column":1}},"2":{"start":{"line":36,"column":38},"end":{"line":78,"column":1}},"3":{"start":{"line":43,"column":24},"end":{"line":43,"column":78}},"4":{"start":{"line":45,"column":2},"end":{"line":51,"column":32}},"5":{"start":{"line":46,"column":4},"end":{"line":50,"column":15}},"6":{"start":{"line":53,"column":2},"end":{"line":77,"column":4}}},"fnMap":{"0":{"name":"(anonymous_0)","decl":{"start":{"line":36,"column":38},"end":{"line":36,"column":39}},"loc":{"start":{"line":42,"column":6},"end":{"line":78,"column":1}},"line":42},"1":{"name":"(anonymous_1)","decl":{"start":{"line":45,"column":12},"end":{"line":45,"column":13}},"loc":{"start":{"line":45,"column":18},"end":{"line":51,"column":3}},"line":45}},"branchMap":{"0":{"loc":{"start":{"line":37,"column":2},"end":{"line":37,"column":18}},"type":"default-arg","locations":[{"start":{"line":37,"column":9},"end":{"line":37,"column":18}}],"line":37},"1":{"loc":{"start":{"line":38,"column":2},"end":{"line":38,"column":18}},"type":"default-arg","locations":[{"start":{"line":38,"column":13},"end":{"line":38,"column":18}}],"line":38},"2":{"loc":{"start":{"line":43,"column":50},"end":{"line":43,"column":68}},"type":"cond-expr","locations":[{"start":{"line":43,"column":61},"end":{"line":43,"column":64}},{"start":{"line":43,"column":67},"end":{"line":43,"column":68}}],"line":43},"3":{"loc":{"start":{"line":47,"column":15},"end":{"line":47,"column":33}},"type":"cond-expr","locations":[{"start":{"line":47,"column":26},"end":{"line":47,"column":29}},{"start":{"line":47,"column":32},"end":{"line":47,"column":33}}],"line":47},"4":{"loc":{"start":{"line":60,"column":8},"end":{"line":60,"column":38}},"type":"cond-expr","locations":[{"start":{"line":60,"column":22},"end":{"line":60,"column":33}},{"start":{"line":60,"column":36},"end":{"line":60,"column":38}}],"line":60},"5":{"loc":{"start":{"line":61,"column":8},"end":{"line":61,"column":36}},"type":"cond-expr","locations":[{"start":{"line":61,"column":21},"end":{"line":61,"column":31}},{"start":{"line":61,"column":34},"end":{"line":61,"column":36}}],"line":61},"6":{"loc":{"start":{"line":71,"column":10},"end":{"line":71,"column":45}},"type":"cond-expr","locations":[{"start":{"line":71,"column":24},"end":{"line":71,"column":40}},{"start":{"line":71,"column":43},"end":{"line":71,"column":45}}],"line":71}},"s":{"0":2,"1":2,"2":2,"3":2,"4":2,"5":2,"6":2},"f":{"0":2,"1":2},"b":{"0":[1],"1":[2],"2":[0,2],"3":[0,2],"4":[1,1],"5":[1,1],"6":[1,1]},"_coverageSchema":"1a1c01bbd47fc00a2c39e90264f33305004495a9","hash":"27278c27a55ec03dda7fa5217d25dae57c2d1716"}
,"/Users/cwai/Desktop/mobile-pline/mobile-pipeline-poc/app/theme/Button/style.ts": {"path":"/Users/cwai/Desktop/mobile-pline/mobile-pipeline-poc/app/theme/Button/style.ts","statementMap":{"0":{"start":{"line":6,"column":14},"end":{"line":80,"column":2}}},"fnMap":{},"branchMap":{},"s":{"0":2},"f":{},"b":{},"_coverageSchema":"1a1c01bbd47fc00a2c39e90264f33305004495a9","hash":"10ab50f054f5d30a004d4e996b89d64aa10356f1"}
,"/Users/cwai/Desktop/mobile-pline/mobile-pipeline-poc/app/theme/Button/IconButton/index.tsx": {"path":"/Users/cwai/Desktop/mobile-pline/mobile-pipeline-poc/app/theme/Button/IconButton/index.tsx","statementMap":{"0":{"start":{"line":13,"column":14},"end":{"line":51,"column":2}},"1":{"start":{"line":53,"column":23},"end":{"line":57,"column":1}},"2":{"start":{"line":59,"column":23},"end":{"line":63,"column":1}},"3":{"start":{"line":73,"column":46},"end":{"line":87,"column":1}},"4":{"start":{"line":74,"column":48},"end":{"line":74,"column":53}},"5":{"start":{"line":75,"column":2},"end":{"line":86,"column":4}},"6":{"start":{"line":77,"column":43},"end":{"line":77,"column":52}}},"fnMap":{"0":{"name":"(anonymous_0)","decl":{"start":{"line":73,"column":46},"end":{"line":73,"column":47}},"loc":{"start":{"line":73,"column":55},"end":{"line":87,"column":1}},"line":73},"1":{"name":"(anonymous_1)","decl":{"start":{"line":77,"column":37},"end":{"line":77,"column":38}},"loc":{"start":{"line":77,"column":43},"end":{"line":77,"column":52}},"line":77}},"branchMap":{"0":{"loc":{"start":{"line":74,"column":28},"end":{"line":74,"column":44}},"type":"default-arg","locations":[{"start":{"line":74,"column":35},"end":{"line":74,"column":44}}],"line":74},"1":{"loc":{"start":{"line":77,"column":15},"end":{"line":77,"column":52}},"type":"cond-expr","locations":[{"start":{"line":77,"column":27},"end":{"line":77,"column":34}},{"start":{"line":77,"column":37},"end":{"line":77,"column":52}}],"line":77},"2":{"loc":{"start":{"line":81,"column":8},"end":{"line":81,"column":40}},"type":"cond-expr","locations":[{"start":{"line":81,"column":19},"end":{"line":81,"column":33}},{"start":{"line":81,"column":36},"end":{"line":81,"column":40}}],"line":81}},"s":{"0":2,"1":2,"2":2,"3":2,"4":3,"5":3,"6":0},"f":{"0":3,"1":0},"b":{"0":[3],"1":[3,0],"2":[0,3]},"_coverageSchema":"1a1c01bbd47fc00a2c39e90264f33305004495a9","hash":"fbaf625694bd55849670d2d55032e8fadd45ca8c"}
,"/Users/cwai/Desktop/mobile-pline/mobile-pipeline-poc/app/theme/Dimensions/index.ts": {"path":"/Users/cwai/Desktop/mobile-pline/mobile-pipeline-poc/app/theme/Dimensions/index.ts","statementMap":{"0":{"start":{"line":3,"column":15},"end":{"line":3,"column":39}},"1":{"start":{"line":4,"column":28},"end":{"line":4,"column":30}},"2":{"start":{"line":5,"column":24},"end":{"line":5,"column":26}},"3":{"start":{"line":7,"column":21},"end":{"line":7,"column":63}},"4":{"start":{"line":9,"column":21},"end":{"line":9,"column":34}},"5":{"start":{"line":10,"column":22},"end":{"line":10,"column":52}},"6":{"start":{"line":12,"column":12},"end":{"line":37,"column":1}}},"fnMap":{},"branchMap":{"0":{"loc":{"start":{"line":10,"column":22},"end":{"line":10,"column":52}},"type":"cond-expr","locations":[{"start":{"line":10,"column":46},"end":{"line":10,"column":48}},{"start":{"line":10,"column":51},"end":{"line":10,"column":52}}],"line":10}},"s":{"0":4,"1":4,"2":4,"3":4,"4":4,"5":4,"6":4},"f":{},"b":{"0":[4,0]},"_coverageSchema":"1a1c01bbd47fc00a2c39e90264f33305004495a9","hash":"ed16971c6267e1d4f95a3ad66689a74113e92ae3"}
,"/Users/cwai/Desktop/mobile-pline/mobile-pipeline-poc/app/theme/Icon/index.tsx": {"path":"/Users/cwai/Desktop/mobile-pline/mobile-pipeline-poc/app/theme/Icon/index.tsx","statementMap":{"0":{"start":{"line":19,"column":25},"end":{"line":21,"column":1}},"1":{"start":{"line":23,"column":23},"end":{"line":25,"column":1}},"2":{"start":{"line":27,"column":34},"end":{"line":34,"column":1}},"3":{"start":{"line":32,"column":18},"end":{"line":32,"column":74}},"4":{"start":{"line":33,"column":2},"end":{"line":33,"column":32}}},"fnMap":{"0":{"name":"(anonymous_0)","decl":{"start":{"line":27,"column":34},"end":{"line":27,"column":35}},"loc":{"start":{"line":31,"column":6},"end":{"line":34,"column":1}},"line":31}},"branchMap":{"0":{"loc":{"start":{"line":28,"column":2},"end":{"line":28,"column":18}},"type":"default-arg","locations":[{"start":{"line":28,"column":13},"end":{"line":28,"column":18}}],"line":28},"1":{"loc":{"start":{"line":29,"column":2},"end":{"line":29,"column":18}},"type":"default-arg","locations":[{"start":{"line":29,"column":9},"end":{"line":29,"column":18}}],"line":29},"2":{"loc":{"start":{"line":32,"column":18},"end":{"line":32,"column":74}},"type":"cond-expr","locations":[{"start":{"line":32,"column":29},"end":{"line":32,"column":51}},{"start":{"line":32,"column":54},"end":{"line":32,"column":74}}],"line":32}},"s":{"0":2,"1":2,"2":2,"3":3,"4":3},"f":{"0":3},"b":{"0":[3],"1":[3],"2":[0,3]},"_coverageSchema":"1a1c01bbd47fc00a2c39e90264f33305004495a9","hash":"e043de1ebb667113bb812259d70b8e6fcf603432"}
,"/Users/cwai/Desktop/mobile-pline/mobile-pipeline-poc/app/theme/Input/index.tsx": {"path":"/Users/cwai/Desktop/mobile-pline/mobile-pipeline-poc/app/theme/Input/index.tsx","statementMap":{"0":{"start":{"line":18,"column":14},"end":{"line":47,"column":1}},"1":{"start":{"line":20,"column":4},"end":{"line":45,"column":7}}},"fnMap":{"0":{"name":"(anonymous_0)","decl":{"start":{"line":19,"column":2},"end":{"line":19,"column":3}},"loc":{"start":{"line":20,"column":4},"end":{"line":45,"column":7}},"line":20}},"branchMap":{"0":{"loc":{"start":{"line":21,"column":7},"end":{"line":25,"column":14}},"type":"cond-expr","locations":[{"start":{"line":22,"column":8},"end":{"line":24,"column":15}},{"start":{"line":25,"column":10},"end":{"line":25,"column":14}}],"line":21},"1":{"loc":{"start":{"line":34,"column":10},"end":{"line":34,"column":49}},"type":"cond-expr","locations":[{"start":{"line":34,"column":24},"end":{"line":34,"column":44}},{"start":{"line":34,"column":47},"end":{"line":34,"column":49}}],"line":34},"2":{"loc":{"start":{"line":35,"column":10},"end":{"line":35,"column":45}},"type":"cond-expr","locations":[{"start":{"line":35,"column":24},"end":{"line":35,"column":40}},{"start":{"line":35,"column":43},"end":{"line":35,"column":45}}],"line":35},"3":{"loc":{"start":{"line":36,"column":10},"end":{"line":36,"column":48}},"type":"cond-expr","locations":[{"start":{"line":36,"column":28},"end":{"line":36,"column":43}},{"start":{"line":36,"column":46},"end":{"line":36,"column":48}}],"line":36},"4":{"loc":{"start":{"line":40,"column":7},"end":{"line":44,"column":14}},"type":"cond-expr","locations":[{"start":{"line":41,"column":8},"end":{"line":43,"column":15}},{"start":{"line":44,"column":10},"end":{"line":44,"column":14}}],"line":40}},"s":{"0":3,"1":17},"f":{"0":17},"b":{"0":[0,17],"1":[0,17],"2":[0,17],"3":[0,17],"4":[0,17]},"_coverageSchema":"1a1c01bbd47fc00a2c39e90264f33305004495a9","hash":"6b597abba6869e259432d63f7f0ee500b4825832"}
,"/Users/cwai/Desktop/mobile-pline/mobile-pipeline-poc/app/theme/Input/style.tsx": {"path":"/Users/cwai/Desktop/mobile-pline/mobile-pipeline-poc/app/theme/Input/style.tsx","statementMap":{"0":{"start":{"line":5,"column":21},"end":{"line":5,"column":23}},"1":{"start":{"line":6,"column":25},"end":{"line":6,"column":28}},"2":{"start":{"line":8,"column":31},"end":{"line":11,"column":1}}},"fnMap":{},"branchMap":{},"s":{"0":3,"1":3,"2":3},"f":{},"b":{},"_coverageSchema":"1a1c01bbd47fc00a2c39e90264f33305004495a9","hash":"b19d2ec09b67fd9aeac5f526a6d26bd46220f5fb"}
,"/Users/cwai/Desktop/mobile-pline/mobile-pipeline-poc/app/theme/Text/index.tsx": {"path":"/Users/cwai/Desktop/mobile-pline/mobile-pipeline-poc/app/theme/Text/index.tsx","statementMap":{"0":{"start":{"line":11,"column":21},"end":{"line":16,"column":2}},"1":{"start":{"line":24,"column":34},"end":{"line":37,"column":1}},"2":{"start":{"line":29,"column":20},"end":{"line":29,"column":53}},"3":{"start":{"line":30,"column":14},"end":{"line":30,"column":39}},"4":{"start":{"line":31,"column":2},"end":{"line":35,"column":3}},"5":{"start":{"line":32,"column":4},"end":{"line":32,"column":42}},"6":{"start":{"line":33,"column":9},"end":{"line":35,"column":3}},"7":{"start":{"line":34,"column":4},"end":{"line":34,"column":32}},"8":{"start":{"line":36,"column":2},"end":{"line":36,"column":48}}},"fnMap":{"0":{"name":"(anonymous_0)","decl":{"start":{"line":24,"column":34},"end":{"line":24,"column":35}},"loc":{"start":{"line":28,"column":6},"end":{"line":37,"column":1}},"line":28}},"branchMap":{"0":{"loc":{"start":{"line":25,"column":2},"end":{"line":25,"column":18}},"type":"default-arg","locations":[{"start":{"line":25,"column":13},"end":{"line":25,"column":18}}],"line":25},"1":{"loc":{"start":{"line":26,"column":9},"end":{"line":26,"column":29}},"type":"default-arg","locations":[{"start":{"line":26,"column":27},"end":{"line":26,"column":29}}],"line":26},"2":{"loc":{"start":{"line":29,"column":20},"end":{"line":29,"column":53}},"type":"cond-expr","locations":[{"start":{"line":29,"column":31},"end":{"line":29,"column":44}},{"start":{"line":29,"column":47},"end":{"line":29,"column":53}}],"line":29},"3":{"loc":{"start":{"line":31,"column":2},"end":{"line":35,"column":3}},"type":"if","locations":[{"start":{"line":31,"column":2},"end":{"line":35,"column":3}},{"start":{"line":31,"column":2},"end":{"line":35,"column":3}}],"line":31},"4":{"loc":{"start":{"line":31,"column":6},"end":{"line":31,"column":55}},"type":"binary-expr","locations":[{"start":{"line":31,"column":6},"end":{"line":31,"column":21}},{"start":{"line":31,"column":25},"end":{"line":31,"column":55}}],"line":31},"5":{"loc":{"start":{"line":33,"column":9},"end":{"line":35,"column":3}},"type":"if","locations":[{"start":{"line":33,"column":9},"end":{"line":35,"column":3}},{"start":{"line":33,"column":9},"end":{"line":35,"column":3}}],"line":33}},"s":{"0":4,"1":4,"2":62,"3":62,"4":62,"5":2,"6":60,"7":60,"8":62},"f":{"0":62},"b":{"0":[62],"1":[0],"2":[0,62],"3":[2,60],"4":[62,62],"5":[60,0]},"_coverageSchema":"1a1c01bbd47fc00a2c39e90264f33305004495a9","hash":"e7d4bee3c5784b8a48c0cbfbb2ae6301bb8ce695"}
,"/Users/cwai/Desktop/mobile-pline/mobile-pipeline-poc/app/theme/TouchFeedback/index.tsx": {"path":"/Users/cwai/Desktop/mobile-pline/mobile-pipeline-poc/app/theme/TouchFeedback/index.tsx","statementMap":{"0":{"start":{"line":11,"column":24},"end":{"line":11,"column":74}},"1":{"start":{"line":12,"column":23},"end":{"line":14,"column":1}},"2":{"start":{"line":15,"column":15},"end":{"line":15,"column":66}},"3":{"start":{"line":24,"column":52},"end":{"line":45,"column":1}},"4":{"start":{"line":29,"column":23},"end":{"line":29,"column":74}},"5":{"start":{"line":30,"column":25},"end":{"line":30,"column":29}},"6":{"start":{"line":31,"column":2},"end":{"line":36,"column":3}},"7":{"start":{"line":32,"column":4},"end":{"line":32,"column":58}},"8":{"start":{"line":33,"column":4},"end":{"line":35,"column":5}},"9":{"start":{"line":34,"column":6},"end":{"line":34,"column":34}},"10":{"start":{"line":37,"column":2},"end":{"line":43,"column":3}},"11":{"start":{"line":38,"column":4},"end":{"line":42,"column":6}},"12":{"start":{"line":44,"column":2},"end":{"line":44,"column":54}}},"fnMap":{"0":{"name":"(anonymous_0)","decl":{"start":{"line":24,"column":52},"end":{"line":24,"column":53}},"loc":{"start":{"line":28,"column":6},"end":{"line":45,"column":1}},"line":28}},"branchMap":{"0":{"loc":{"start":{"line":15,"column":15},"end":{"line":15,"column":66}},"type":"binary-expr","locations":[{"start":{"line":15,"column":15},"end":{"line":15,"column":40}},{"start":{"line":15,"column":44},"end":{"line":15,"column":66}}],"line":15},"1":{"loc":{"start":{"line":26,"column":2},"end":{"line":26,"column":18}},"type":"default-arg","locations":[{"start":{"line":26,"column":13},"end":{"line":26,"column":18}}],"line":26},"2":{"loc":{"start":{"line":29,"column":23},"end":{"line":29,"column":74}},"type":"cond-expr","locations":[{"start":{"line":29,"column":32},"end":{"line":29,"column":55}},{"start":{"line":29,"column":58},"end":{"line":29,"column":74}}],"line":29},"3":{"loc":{"start":{"line":31,"column":2},"end":{"line":36,"column":3}},"type":"if","locations":[{"start":{"line":31,"column":2},"end":{"line":36,"column":3}},{"start":{"line":31,"column":2},"end":{"line":36,"column":3}}],"line":31},"4":{"loc":{"start":{"line":32,"column":16},"end":{"line":32,"column":57}},"type":"cond-expr","locations":[{"start":{"line":32,"column":25},"end":{"line":32,"column":39}},{"start":{"line":32,"column":42},"end":{"line":32,"column":57}}],"line":32},"5":{"loc":{"start":{"line":33,"column":4},"end":{"line":35,"column":5}},"type":"if","locations":[{"start":{"line":33,"column":4},"end":{"line":35,"column":5}},{"start":{"line":33,"column":4},"end":{"line":35,"column":5}}],"line":33},"6":{"loc":{"start":{"line":37,"column":2},"end":{"line":43,"column":3}},"type":"if","locations":[{"start":{"line":37,"column":2},"end":{"line":43,"column":3}},{"start":{"line":37,"column":2},"end":{"line":43,"column":3}}],"line":37}},"s":{"0":4,"1":4,"2":4,"3":4,"4":38,"5":38,"6":38,"7":2,"8":2,"9":0,"10":38,"11":0,"12":38},"f":{"0":38},"b":{"0":[4,0],"1":[36],"2":[0,38],"3":[2,36],"4":[0,2],"5":[0,2],"6":[0,38]},"_coverageSchema":"1a1c01bbd47fc00a2c39e90264f33305004495a9","hash":"3de546197fd45f581fe98a2b29eb203f77db25ed"}
}
