TN:
SF:App.tsx
FN:15,(anonymous_0)
FNF:1
FNH:1
FNDA:1,(anonymous_0)
DA:15,1
DA:16,1
LF:2
LH:2
BRF:0
BRH:0
end_of_record
TN:
SF:app/components/CountriesAutocomplete/ListItem.tsx
FN:15,(anonymous_0)
FNF:1
FNH:1
FNDA:30,(anonymous_0)
DA:15,3
DA:16,30
LF:2
LH:2
BRF:0
BRH:0
end_of_record
TN:
SF:app/components/CountriesAutocomplete/index.tsx
FN:25,(anonymous_0)
FN:28,(anonymous_1)
FN:56,(anonymous_2)
FN:57,(anonymous_3)
FN:59,(anonymous_4)
FNF:5
FNH:5
FNDA:750,(anonymous_0)
FNDA:17,(anonymous_1)
FNDA:30,(anonymous_2)
FNDA:30,(anonymous_3)
FNDA:4,(anonymous_4)
DA:24,3
DA:25,750
DA:28,3
DA:29,17
DA:34,17
DA:56,30
DA:58,30
DA:60,4
DA:61,4
LF:9
LH:9
BRDA:38,0,0,17
BRDA:38,0,1,17
BRDA:48,1,0,10
BRDA:48,1,1,7
BRDA:48,2,0,17
BRDA:48,2,1,10
BRDA:68,3,0,5
BRDA:68,3,1,5
BRF:8
BRH:8
end_of_record
TN:
SF:app/components/CountriesAutocomplete/style.ts
FNF:0
FNH:0
DA:5,3
LF:1
LH:1
BRF:0
BRH:0
end_of_record
TN:
SF:app/platform/LocalStorage/index.ts
FN:4,(anonymous_0)
FN:8,(anonymous_1)
FN:17,(anonymous_2)
FN:21,(anonymous_3)
FNF:4
FNH:3
FNDA:3,(anonymous_0)
FNDA:3,(anonymous_1)
FNDA:0,(anonymous_2)
FNDA:1,(anonymous_3)
DA:5,3
DA:9,3
DA:10,3
DA:11,3
DA:13,3
DA:18,0
DA:22,1
LF:7
LH:6
BRDA:11,0,0,3
BRDA:11,0,1,3
BRF:2
BRH:2
end_of_record
TN:
SF:app/router/index.tsx
FN:13,(anonymous_0)
FN:16,(anonymous_1)
FNF:2
FNH:2
FNDA:1,(anonymous_0)
FNDA:2,(anonymous_1)
DA:11,1
DA:13,1
DA:14,1
DA:17,2
LF:4
LH:4
BRF:0
BRH:0
end_of_record
TN:
SF:app/router/routeConfigs.ts
FNF:0
FNH:0
DA:3,1
LF:1
LH:1
BRF:0
BRH:0
end_of_record
TN:
SF:app/router/routeNames.ts
FNF:0
FNH:0
DA:1,1
DA:2,1
LF:2
LH:2
BRF:0
BRH:0
end_of_record
TN:
SF:app/router/routes.ts
FNF:0
FNH:0
DA:7,1
LF:1
LH:1
BRF:0
BRH:0
end_of_record
TN:
SF:app/screens/HomeScreen/index.tsx
FN:24,HomeScreen
FN:27,(anonymous_1)
FN:47,(anonymous_2)
FNF:3
FNH:1
FNDA:1,HomeScreen
FNDA:0,(anonymous_1)
FNDA:0,(anonymous_2)
DA:25,1
DA:27,1
DA:28,1
DA:48,0
LF:4
LH:3
BRDA:34,0,0,1
BRDA:34,0,1,0
BRF:2
BRH:1
end_of_record
TN:
SF:app/screens/HomeScreen/style.ts
FNF:0
FNH:0
DA:5,1
LF:1
LH:1
BRF:0
BRH:0
end_of_record
TN:
SF:app/screens/SearchScreen/index.tsx
FN:21,(anonymous_0)
FN:24,(anonymous_1)
FN:33,(anonymous_2)
FN:37,(anonymous_3)
FN:53,(anonymous_4)
FN:64,(anonymous_5)
FNF:6
FNH:5
FNDA:7,(anonymous_0)
FNDA:3,(anonymous_1)
FNDA:3,(anonymous_2)
FNDA:4,(anonymous_3)
FNDA:1,(anonymous_4)
FNDA:0,(anonymous_5)
DA:19,2
DA:21,2
DA:22,7
DA:24,7
DA:25,3
DA:28,3
DA:29,0
DA:33,7
DA:34,3
DA:37,7
DA:38,4
DA:39,4
DA:40,3
DA:42,1
DA:46,7
DA:53,1
DA:64,0
LF:17
LH:15
BRDA:28,0,0,0
BRDA:28,0,1,3
BRDA:39,1,0,3
BRDA:39,1,1,1
BRDA:49,2,0,3
BRDA:49,2,1,4
BRF:6
BRH:5
end_of_record
TN:
SF:app/screens/SearchScreen/style.ts
FNF:0
FNH:0
DA:5,2
LF:1
LH:1
BRF:0
BRH:0
end_of_record
TN:
SF:app/theme/Colors.ts
FNF:0
FNH:0
LF:0
LH:0
BRF:0
BRH:0
end_of_record
TN:
SF:app/theme/Autocomplete/index.tsx
FN:31,filterByKey
FN:32,(anonymous_1)
FN:40,(anonymous_2)
FN:45,(anonymous_3)
FN:66,(anonymous_4)
FN:68,(anonymous_5)
FN:69,(anonymous_6)
FN:73,(anonymous_7)
FN:74,(anonymous_8)
FNF:9
FNH:7
FNDA:17,filterByKey
FNDA:4250,(anonymous_1)
FNDA:17,(anonymous_2)
FNDA:14,(anonymous_3)
FNDA:5,(anonymous_4)
FNDA:5,(anonymous_5)
FNDA:0,(anonymous_6)
FNDA:4,(anonymous_7)
FNDA:0,(anonymous_8)
DA:32,17
DA:33,4250
DA:34,3005
DA:36,4250
DA:40,3
DA:41,17
DA:45,17
DA:47,17
DA:49,17
DA:50,17
DA:57,17
DA:58,0
DA:64,17
DA:66,5
DA:68,5
DA:69,0
DA:73,4
DA:74,0
LF:18
LH:15
BRDA:32,0,0,17
BRDA:32,0,1,0
BRDA:33,1,0,3005
BRDA:33,1,1,1245
BRDA:33,2,0,4250
BRDA:33,2,1,4250
BRDA:42,3,0,17
BRDA:42,3,1,17
BRDA:43,4,0,17
BRDA:43,4,1,17
BRDA:47,5,0,17
BRDA:47,5,1,0
BRDA:49,6,0,17
BRDA:49,6,1,0
BRDA:57,7,0,0
BRDA:57,7,1,17
BRF:16
BRH:12
end_of_record
TN:
SF:app/theme/Button/index.tsx
FN:36,(anonymous_0)
FN:45,(anonymous_1)
FNF:2
FNH:2
FNDA:2,(anonymous_0)
FNDA:2,(anonymous_1)
DA:14,2
DA:19,2
DA:36,2
DA:43,2
DA:45,2
DA:46,2
DA:53,2
LF:7
LH:7
BRDA:37,0,0,1
BRDA:38,1,0,2
BRDA:43,2,0,0
BRDA:43,2,1,2
BRDA:47,3,0,0
BRDA:47,3,1,2
BRDA:60,4,0,1
BRDA:60,4,1,1
BRDA:61,5,0,1
BRDA:61,5,1,1
BRDA:71,6,0,1
BRDA:71,6,1,1
BRF:12
BRH:10
end_of_record
TN:
SF:app/theme/Button/style.ts
FNF:0
FNH:0
DA:6,2
LF:1
LH:1
BRF:0
BRH:0
end_of_record
TN:
SF:app/theme/Button/IconButton/index.tsx
FN:73,(anonymous_0)
FN:77,(anonymous_1)
FNF:2
FNH:1
FNDA:3,(anonymous_0)
FNDA:0,(anonymous_1)
DA:13,2
DA:53,2
DA:59,2
DA:73,2
DA:74,3
DA:75,3
DA:77,0
LF:7
LH:6
BRDA:74,0,0,3
BRDA:77,1,0,3
BRDA:77,1,1,0
BRDA:81,2,0,0
BRDA:81,2,1,3
BRF:5
BRH:3
end_of_record
TN:
SF:app/theme/Dimensions/index.ts
FNF:0
FNH:0
DA:3,4
DA:4,4
DA:5,4
DA:7,4
DA:9,4
DA:10,4
DA:12,4
LF:7
LH:7
BRDA:10,0,0,4
BRDA:10,0,1,0
BRF:2
BRH:1
end_of_record
TN:
SF:app/theme/Icon/index.tsx
FN:27,(anonymous_0)
FNF:1
FNH:1
FNDA:3,(anonymous_0)
DA:19,2
DA:23,2
DA:27,2
DA:32,3
DA:33,3
LF:5
LH:5
BRDA:28,0,0,3
BRDA:29,1,0,3
BRDA:32,2,0,0
BRDA:32,2,1,3
BRF:4
BRH:3
end_of_record
TN:
SF:app/theme/Input/index.tsx
FN:19,(anonymous_0)
FNF:1
FNH:1
FNDA:17,(anonymous_0)
DA:18,3
DA:20,17
LF:2
LH:2
BRDA:21,0,0,0
BRDA:21,0,1,17
BRDA:34,1,0,0
BRDA:34,1,1,17
BRDA:35,2,0,0
BRDA:35,2,1,17
BRDA:36,3,0,0
BRDA:36,3,1,17
BRDA:40,4,0,0
BRDA:40,4,1,17
BRF:10
BRH:5
end_of_record
TN:
SF:app/theme/Input/style.tsx
FNF:0
FNH:0
DA:5,3
DA:6,3
DA:8,3
LF:3
LH:3
BRF:0
BRH:0
end_of_record
TN:
SF:app/theme/Text/index.tsx
FN:24,(anonymous_0)
FNF:1
FNH:1
FNDA:62,(anonymous_0)
DA:11,4
DA:24,4
DA:29,62
DA:30,62
DA:31,62
DA:32,2
DA:33,60
DA:34,60
DA:36,62
LF:9
LH:9
BRDA:25,0,0,62
BRDA:26,1,0,0
BRDA:29,2,0,0
BRDA:29,2,1,62
BRDA:31,3,0,2
BRDA:31,3,1,60
BRDA:31,4,0,62
BRDA:31,4,1,62
BRDA:33,5,0,60
BRDA:33,5,1,0
BRF:10
BRH:7
end_of_record
TN:
SF:app/theme/TouchFeedback/index.tsx
FN:24,(anonymous_0)
FNF:1
FNH:1
FNDA:38,(anonymous_0)
DA:11,4
DA:12,4
DA:15,4
DA:24,4
DA:29,38
DA:30,38
DA:31,38
DA:32,2
DA:33,2
DA:34,0
DA:37,38
DA:38,0
DA:44,38
LF:13
LH:11
BRDA:15,0,0,4
BRDA:15,0,1,0
BRDA:26,1,0,36
BRDA:29,2,0,0
BRDA:29,2,1,38
BRDA:31,3,0,2
BRDA:31,3,1,36
BRDA:32,4,0,0
BRDA:32,4,1,2
BRDA:33,5,0,0
BRDA:33,5,1,2
BRDA:37,6,0,0
BRDA:37,6,1,38
BRF:13
BRH:8
end_of_record
